e:\2n\mecànica\practicas\p2\gl_framework\x64\debug\gl_framework.ilk
e:\2n\mecànica\practicas\p2\gl_framework\x64\debug\gl_framework.exe
e:\2n\mecànica\practicas\p2\gl_framework\x64\debug\gl_framework.pdb
e:\2n\mecànica\practicas\p2\gl_framework\x64\debug\vc140.pdb
e:\2n\mecànica\practicas\p2\gl_framework\x64\debug\vc140.idb
e:\2n\mecànica\practicas\p2\gl_framework\x64\debug\imgui.obj
e:\2n\mecànica\practicas\p2\gl_framework\x64\debug\imgui_demo.obj
e:\2n\mecànica\practicas\p2\gl_framework\x64\debug\imgui_draw.obj
e:\2n\mecànica\practicas\p2\gl_framework\x64\debug\imgui_impl_glfw_gl3.obj
e:\2n\mecànica\practicas\p2\gl_framework\x64\debug\main.obj
e:\2n\mecànica\practicas\p2\gl_framework\x64\debug\physics.obj
e:\2n\mecànica\practicas\p2\gl_framework\x64\debug\render.obj
e:\2n\mecànica\practicas\p2\gl_framework\x64\debug\render_prims.obj
e:\2n\mecànica\practicas\p2\gl_framework\x64\debug\physics.obj.enc
e:\2n\mecànica\practicas\p2\gl_framework\x64\debug\gl_framework.tlog\cl.command.1.tlog
e:\2n\mecànica\practicas\p2\gl_framework\x64\debug\gl_framework.tlog\link.command.1.tlog
e:\2n\mecànica\practicas\p2\gl_framework\x64\debug\gl_framework.tlog\cl.read.1.tlog
e:\2n\mecànica\practicas\p2\gl_framework\x64\debug\gl_framework.tlog\link.read.1.tlog
e:\2n\mecànica\practicas\p2\gl_framework\x64\debug\gl_framework.tlog\link.write.1.tlog
e:\2n\mecànica\practicas\p2\gl_framework\x64\debug\gl_framework.tlog\cl.write.1.tlog
